<?xml version="1.0" encoding="UTF-8"?>
<!-- Generated by org.testng.reporters.JUnitReportReporter -->
<testsuite hostname="LONGWANG-CN" name="com.endeca.microservices.connector.api.GetConnectorsTest" tests="3" failures="0" timestamp="29 Mar 2016 10:44:16 GMT" time="7.324" errors="0">
  <testcase name="testGetConnectorsTest2" time="2.308" classname="com.endeca.microservices.connector.api.GetConnectorsTest"/>
  <testcase name="testGetConnectorsTest1" time="1.216" classname="com.endeca.microservices.connector.api.GetConnectorsTest"/>
  <testcase name="testGetConnectorsTest3" time="3.800" classname="com.endeca.microservices.connector.api.GetConnectorsTest"/>
</testsuite> <!-- com.endeca.microservices.connector.api.GetConnectorsTest -->
