<?xml version="1.0" encoding="UTF-8"?>
<!-- Generated by org.testng.reporters.JUnitReportReporter -->
<testsuite hostname="LONGWANG-CN" name="com.endeca.microservices.connector.api.GetConnectorsTest" tests="3" failures="0" timestamp="29 Mar 2016 09:04:27 GMT" time="5.026" errors="0">
  <testcase name="testGetConnectorsTest2" time="2.314" classname="com.endeca.microservices.connector.api.GetConnectorsTest"/>
  <testcase name="testGetConnectorsTest1" time="1.223" classname="com.endeca.microservices.connector.api.GetConnectorsTest"/>
  <testcase name="testGetConnectorsTest3" time="1.489" classname="com.endeca.microservices.connector.api.GetConnectorsTest"/>
</testsuite> <!-- com.endeca.microservices.connector.api.GetConnectorsTest -->
