<?xml version="1.0" encoding="UTF-8"?>
<!-- Generated by org.testng.reporters.JUnitReportReporter -->
<testsuite hostname="LONGWANG-CN" name="com.endeca.microservices.connector.api.PutConnectorsByIdTest" tests="3" failures="0" timestamp="29 Mar 2016 10:46:12 GMT" time="3.096" errors="0">
  <testcase name="testPutConnectorsById3" time="1.288" classname="com.endeca.microservices.connector.api.PutConnectorsByIdTest"/>
  <testcase name="testPutConnectorsById2" time="0.900" classname="com.endeca.microservices.connector.api.PutConnectorsByIdTest"/>
  <testcase name="testPutConnectorsById1" time="0.908" classname="com.endeca.microservices.connector.api.PutConnectorsByIdTest"/>
</testsuite> <!-- com.endeca.microservices.connector.api.PutConnectorsByIdTest -->
