<?xml version="1.0" encoding="UTF-8"?>
<!-- Generated by org.testng.reporters.JUnitReportReporter -->
<testsuite hostname="LONGWANG-CN" name="com.endeca.microservices.connector.api.PostConnectorsAuthNegTest" tests="5" failures="0" timestamp="29 Mar 2016 10:45:28 GMT" time="2.259" errors="0">
  <testcase name="testPostConnectorsAuthNeg1" time="0.305" classname="com.endeca.microservices.connector.api.PostConnectorsAuthNegTest"/>
  <testcase name="testPostConnectorsAuthNeg7" time="0.672" classname="com.endeca.microservices.connector.api.PostConnectorsAuthNegTest"/>
  <testcase name="testPostConnectorsAuthNeg8" time="0.662" classname="com.endeca.microservices.connector.api.PostConnectorsAuthNegTest"/>
  <testcase name="testPostConnectorsAuthNeg5" time="0.306" classname="com.endeca.microservices.connector.api.PostConnectorsAuthNegTest"/>
  <testcase name="testPostConnectorsAuthNeg6" time="0.314" classname="com.endeca.microservices.connector.api.PostConnectorsAuthNegTest"/>
</testsuite> <!-- com.endeca.microservices.connector.api.PostConnectorsAuthNegTest -->
