<?xml version="1.0" encoding="UTF-8"?>
<!-- Generated by org.testng.reporters.JUnitReportReporter -->
<testsuite hostname="LONGWANG-CN" name="com.endeca.microservices.connector.api.BrowseObjectById" tests="2" failures="0" timestamp="30 Mar 2016 03:17:25 GMT" time="2.588" errors="0">
  <testcase name="testBrowseObjectById2" time="1.263" classname="com.endeca.microservices.connector.api.BrowseObjectById"/>
  <testcase name="testBrowseObjectById1" time="1.325" classname="com.endeca.microservices.connector.api.BrowseObjectById"/>
</testsuite> <!-- com.endeca.microservices.connector.api.BrowseObjectById -->
