<?xml version="1.0" encoding="UTF-8"?>
<!-- Generated by org.testng.reporters.JUnitReportReporter -->
<testsuite hostname="LONGWANG-CN" name="com.endeca.microservices.connector.api.BrowseObjectById" tests="2" failures="0" timestamp="29 Mar 2016 10:43:42 GMT" time="2.570" errors="0">
  <testcase name="testBrowseObjectById2" time="1.335" classname="com.endeca.microservices.connector.api.BrowseObjectById"/>
  <testcase name="testBrowseObjectById1" time="1.235" classname="com.endeca.microservices.connector.api.BrowseObjectById"/>
</testsuite> <!-- com.endeca.microservices.connector.api.BrowseObjectById -->
