<?xml version="1.0" encoding="UTF-8"?>
<!-- Generated by org.testng.reporters.JUnitReportReporter -->
<testsuite hostname="LONGWANG-CN" name="com.endeca.microservices.connector.api.PostConnectorsAuthTest" tests="1" failures="0" timestamp="29 Mar 2016 10:44:34 GMT" time="0.662" errors="0">
  <testcase name="testPostConnectorsAuthTest1" time="0.662" classname="com.endeca.microservices.connector.api.PostConnectorsAuthTest"/>
</testsuite> <!-- com.endeca.microservices.connector.api.PostConnectorsAuthTest -->
