<?xml version="1.0" encoding="UTF-8"?>
<!-- Generated by org.testng.reporters.JUnitReportReporter -->
<testsuite hostname="LONGWANG-CN" name="com.endeca.microservices.connector.api.BrowseContainerByIdTest" tests="1" failures="0" timestamp="29 Mar 2016 09:03:38 GMT" time="0.678" errors="0">
  <testcase name="testBrowseContainerById2" time="0.678" classname="com.endeca.microservices.connector.api.BrowseContainerByIdTest"/>
</testsuite> <!-- com.endeca.microservices.connector.api.BrowseContainerByIdTest -->
