<?xml version="1.0" encoding="UTF-8"?>
<!-- Generated by org.testng.reporters.JUnitReportReporter -->
<testsuite hostname="LONGWANG-CN" name="com.endeca.microservices.connector.api.BrowseObjectById" tests="2" failures="0" timestamp="29 Mar 2016 10:26:48 GMT" time="2.573" errors="0">
  <testcase name="testBrowseObjectById2" time="1.240" classname="com.endeca.microservices.connector.api.BrowseObjectById"/>
  <testcase name="testBrowseObjectById1" time="1.333" classname="com.endeca.microservices.connector.api.BrowseObjectById"/>
</testsuite> <!-- com.endeca.microservices.connector.api.BrowseObjectById -->
