<?xml version="1.0" encoding="UTF-8"?>
<!-- Generated by org.testng.reporters.JUnitReportReporter -->
<testsuite hostname="LONGWANG-CN" name="com.endeca.microservices.connector.api.GetConnectorTypesTest" tests="1" failures="0" timestamp="29 Mar 2016 10:44:00 GMT" time="0.650" errors="0">
  <testcase name="testGetConnectorTypes" time="0.650" classname="com.endeca.microservices.connector.api.GetConnectorTypesTest"/>
</testsuite> <!-- com.endeca.microservices.connector.api.GetConnectorTypesTest -->
