<?xml version="1.0" encoding="UTF-8"?>
<!-- Generated by org.testng.reporters.JUnitReportReporter -->
<testsuite hostname="LONGWANG-CN" name="com.endeca.microservices.connector.api.PutConnectorsByIdNegTest" tests="3" failures="0" timestamp="29 Mar 2016 10:52:38 GMT" time="3.079" errors="0">
  <testcase name="testPutConnectorsByIdNeg7" time="0.884" classname="com.endeca.microservices.connector.api.PutConnectorsByIdNegTest"/>
  <testcase name="testPutConnectorsByIdNeg1" time="0.891" classname="com.endeca.microservices.connector.api.PutConnectorsByIdNegTest"/>
  <testcase name="testPutConnectorsByIdNeg8" time="1.304" classname="com.endeca.microservices.connector.api.PutConnectorsByIdNegTest"/>
</testsuite> <!-- com.endeca.microservices.connector.api.PutConnectorsByIdNegTest -->
